
Attaching package: ‘dplyr’

The following objects are masked from ‘package:stats’:

    filter, lag

The following objects are masked from ‘package:base’:

    intersect, setdiff, setequal, union


── Column specification ────────────────────────────────────────────────────────
cols(
  .default = col_double(),
  agegroup_name = col_character(),
  attack_rate_check = col_logical(),
  seas_share_check = col_logical()
)
ℹ Use `spec()` for the full column specifications.


── Column specification ────────────────────────────────────────────────────────
cols(
  .default = col_double(),
  agegroup_name = col_character(),
  attack_rate_check = col_logical(),
  seas_share_check = col_logical()
)
ℹ Use `spec()` for the full column specifications.


── Column specification ────────────────────────────────────────────────────────
cols(
  .default = col_double(),
  agegroup_name = col_character(),
  attack_rate_check = col_logical(),
  seas_share_check = col_logical()
)
ℹ Use `spec()` for the full column specifications.


── Column specification ────────────────────────────────────────────────────────
cols(
  .default = col_double(),
  agegroup_name = col_character(),
  attack_rate_check = col_logical(),
  seas_share_check = col_logical()
)
ℹ Use `spec()` for the full column specifications.


── Column specification ────────────────────────────────────────────────────────
cols(
  .default = col_double(),
  agegroup_name = col_character(),
  attack_rate_check = col_logical(),
  seas_share_check = col_logical()
)
ℹ Use `spec()` for the full column specifications.


── Column specification ────────────────────────────────────────────────────────
cols(
  .default = col_double(),
  agegroup_name = col_character(),
  attack_rate_check = col_logical(),
  seas_share_check = col_logical()
)
ℹ Use `spec()` for the full column specifications.


── Column specification ────────────────────────────────────────────────────────
cols(
  .default = col_double(),
  agegroup_name = col_character(),
  attack_rate_check = col_logical(),
  seas_share_check = col_logical()
)
ℹ Use `spec()` for the full column specifications.


── Column specification ────────────────────────────────────────────────────────
cols(
  .default = col_double(),
  agegroup_name = col_character(),
  attack_rate_check = col_logical(),
  seas_share_check = col_logical()
)
ℹ Use `spec()` for the full column specifications.


── Column specification ────────────────────────────────────────────────────────
cols(
  .default = col_double(),
  agegroup_name = col_character(),
  attack_rate_check = col_logical(),
  seas_share_check = col_logical()
)
ℹ Use `spec()` for the full column specifications.


── Column specification ────────────────────────────────────────────────────────
cols(
  .default = col_double(),
  agegroup_name = col_character(),
  attack_rate_check = col_logical(),
  seas_share_check = col_logical()
)
ℹ Use `spec()` for the full column specifications.


── Column specification ────────────────────────────────────────────────────────
cols(
  .default = col_double(),
  agegroup_name = col_character(),
  attack_rate_check = col_logical(),
  seas_share_check = col_logical()
)
ℹ Use `spec()` for the full column specifications.


── Column specification ────────────────────────────────────────────────────────
cols(
  .default = col_double(),
  agegroup_name = col_character(),
  attack_rate_check = col_logical(),
  seas_share_check = col_logical()
)
ℹ Use `spec()` for the full column specifications.


── Column specification ────────────────────────────────────────────────────────
cols(
  .default = col_double(),
  agegroup_name = col_character(),
  attack_rate_check = col_logical(),
  seas_share_check = col_logical()
)
ℹ Use `spec()` for the full column specifications.


── Column specification ────────────────────────────────────────────────────────
cols(
  .default = col_double(),
  agegroup_name = col_character(),
  attack_rate_check = col_logical(),
  seas_share_check = col_logical()
)
ℹ Use `spec()` for the full column specifications.


── Column specification ────────────────────────────────────────────────────────
cols(
  .default = col_double(),
  agegroup_name = col_character(),
  attack_rate_check = col_logical(),
  seas_share_check = col_logical()
)
ℹ Use `spec()` for the full column specifications.


── Column specification ────────────────────────────────────────────────────────
cols(
  .default = col_double(),
  agegroup_name = col_character(),
  attack_rate_check = col_logical(),
  seas_share_check = col_logical()
)
ℹ Use `spec()` for the full column specifications.


── Column specification ────────────────────────────────────────────────────────
cols(
  .default = col_double(),
  agegroup_name = col_character(),
  attack_rate_check = col_logical(),
  seas_share_check = col_logical()
)
ℹ Use `spec()` for the full column specifications.


── Column specification ────────────────────────────────────────────────────────
cols(
  .default = col_double(),
  agegroup_name = col_character(),
  attack_rate_check = col_logical(),
  seas_share_check = col_logical()
)
ℹ Use `spec()` for the full column specifications.


── Column specification ────────────────────────────────────────────────────────
cols(
  .default = col_double(),
  agegroup_name = col_character(),
  attack_rate_check = col_logical(),
  seas_share_check = col_logical()
)
ℹ Use `spec()` for the full column specifications.


── Column specification ────────────────────────────────────────────────────────
cols(
  .default = col_double(),
  agegroup_name = col_character(),
  attack_rate_check = col_logical(),
  seas_share_check = col_logical()
)
ℹ Use `spec()` for the full column specifications.


── Column specification ────────────────────────────────────────────────────────
cols(
  .default = col_double(),
  agegroup_name = col_character(),
  attack_rate_check = col_logical(),
  seas_share_check = col_logical()
)
ℹ Use `spec()` for the full column specifications.


── Column specification ────────────────────────────────────────────────────────
cols(
  .default = col_double(),
  agegroup_name = col_character(),
  attack_rate_check = col_logical(),
  seas_share_check = col_logical()
)
ℹ Use `spec()` for the full column specifications.


── Column specification ────────────────────────────────────────────────────────
cols(
  .default = col_double(),
  agegroup_name = col_character(),
  attack_rate_check = col_logical(),
  seas_share_check = col_logical()
)
ℹ Use `spec()` for the full column specifications.


── Column specification ────────────────────────────────────────────────────────
cols(
  .default = col_double(),
  agegroup_name = col_character(),
  attack_rate_check = col_logical(),
  seas_share_check = col_logical()
)
ℹ Use `spec()` for the full column specifications.


── Column specification ────────────────────────────────────────────────────────
cols(
  .default = col_double(),
  agegroup_name = col_character(),
  attack_rate_check = col_logical(),
  seas_share_check = col_logical()
)
ℹ Use `spec()` for the full column specifications.


── Column specification ────────────────────────────────────────────────────────
cols(
  .default = col_double(),
  agegroup_name = col_character(),
  attack_rate_check = col_logical(),
  seas_share_check = col_logical()
)
ℹ Use `spec()` for the full column specifications.


── Column specification ────────────────────────────────────────────────────────
cols(
  .default = col_double(),
  agegroup_name = col_character(),
  attack_rate_check = col_logical(),
  seas_share_check = col_logical()
)
ℹ Use `spec()` for the full column specifications.


── Column specification ────────────────────────────────────────────────────────
cols(
  .default = col_double(),
  agegroup_name = col_character(),
  attack_rate_check = col_logical(),
  seas_share_check = col_logical()
)
ℹ Use `spec()` for the full column specifications.


── Column specification ────────────────────────────────────────────────────────
cols(
  .default = col_double(),
  agegroup_name = col_character(),
  attack_rate_check = col_logical(),
  seas_share_check = col_logical()
)
ℹ Use `spec()` for the full column specifications.


── Column specification ────────────────────────────────────────────────────────
cols(
  .default = col_double(),
  agegroup_name = col_character(),
  attack_rate_check = col_logical(),
  seas_share_check = col_logical()
)
ℹ Use `spec()` for the full column specifications.


── Column specification ────────────────────────────────────────────────────────
cols(
  .default = col_double(),
  agegroup_name = col_character(),
  attack_rate_check = col_logical(),
  seas_share_check = col_logical()
)
ℹ Use `spec()` for the full column specifications.


── Column specification ────────────────────────────────────────────────────────
cols(
  .default = col_double(),
  agegroup_name = col_character(),
  attack_rate_check = col_logical(),
  seas_share_check = col_logical()
)
ℹ Use `spec()` for the full column specifications.


── Column specification ────────────────────────────────────────────────────────
cols(
  .default = col_double(),
  agegroup_name = col_character(),
  attack_rate_check = col_logical(),
  seas_share_check = col_logical()
)
ℹ Use `spec()` for the full column specifications.


── Column specification ────────────────────────────────────────────────────────
cols(
  .default = col_double(),
  agegroup_name = col_character(),
  attack_rate_check = col_logical(),
  seas_share_check = col_logical()
)
ℹ Use `spec()` for the full column specifications.


── Column specification ────────────────────────────────────────────────────────
cols(
  .default = col_double(),
  agegroup_name = col_character(),
  attack_rate_check = col_logical(),
  seas_share_check = col_logical()
)
ℹ Use `spec()` for the full column specifications.


── Column specification ────────────────────────────────────────────────────────
cols(
  .default = col_double(),
  agegroup_name = col_character(),
  attack_rate_check = col_logical(),
  seas_share_check = col_logical()
)
ℹ Use `spec()` for the full column specifications.


── Column specification ────────────────────────────────────────────────────────
cols(
  .default = col_double(),
  agegroup_name = col_character(),
  attack_rate_check = col_logical(),
  seas_share_check = col_logical()
)
ℹ Use `spec()` for the full column specifications.


── Column specification ────────────────────────────────────────────────────────
cols(
  .default = col_double(),
  agegroup_name = col_character(),
  attack_rate_check = col_logical(),
  seas_share_check = col_logical()
)
ℹ Use `spec()` for the full column specifications.


── Column specification ────────────────────────────────────────────────────────
cols(
  .default = col_double(),
  agegroup_name = col_character(),
  attack_rate_check = col_logical(),
  seas_share_check = col_logical()
)
ℹ Use `spec()` for the full column specifications.


── Column specification ────────────────────────────────────────────────────────
cols(
  .default = col_double(),
  agegroup_name = col_character(),
  attack_rate_check = col_logical(),
  seas_share_check = col_logical()
)
ℹ Use `spec()` for the full column specifications.


── Column specification ────────────────────────────────────────────────────────
cols(
  .default = col_double(),
  agegroup_name = col_character(),
  attack_rate_check = col_logical(),
  seas_share_check = col_logical()
)
ℹ Use `spec()` for the full column specifications.


── Column specification ────────────────────────────────────────────────────────
cols(
  .default = col_double(),
  agegroup_name = col_character(),
  attack_rate_check = col_logical(),
  seas_share_check = col_logical()
)
ℹ Use `spec()` for the full column specifications.


── Column specification ────────────────────────────────────────────────────────
cols(
  .default = col_double(),
  agegroup_name = col_character(),
  attack_rate_check = col_logical(),
  seas_share_check = col_logical()
)
ℹ Use `spec()` for the full column specifications.


── Column specification ────────────────────────────────────────────────────────
cols(
  .default = col_double(),
  agegroup_name = col_character(),
  attack_rate_check = col_logical(),
  seas_share_check = col_logical()
)
ℹ Use `spec()` for the full column specifications.


── Column specification ────────────────────────────────────────────────────────
cols(
  .default = col_double(),
  agegroup_name = col_character(),
  attack_rate_check = col_logical(),
  seas_share_check = col_logical()
)
ℹ Use `spec()` for the full column specifications.


── Column specification ────────────────────────────────────────────────────────
cols(
  .default = col_double(),
  agegroup_name = col_character(),
  attack_rate_check = col_logical(),
  seas_share_check = col_logical()
)
ℹ Use `spec()` for the full column specifications.


── Column specification ────────────────────────────────────────────────────────
cols(
  .default = col_double(),
  agegroup_name = col_character(),
  attack_rate_check = col_logical(),
  seas_share_check = col_logical()
)
ℹ Use `spec()` for the full column specifications.


── Column specification ────────────────────────────────────────────────────────
cols(
  .default = col_double(),
  agegroup_name = col_character(),
  attack_rate_check = col_logical(),
  seas_share_check = col_logical()
)
ℹ Use `spec()` for the full column specifications.


── Column specification ────────────────────────────────────────────────────────
cols(
  .default = col_double(),
  agegroup_name = col_character(),
  attack_rate_check = col_logical(),
  seas_share_check = col_logical()
)
ℹ Use `spec()` for the full column specifications.


── Column specification ────────────────────────────────────────────────────────
cols(
  .default = col_double(),
  agegroup_name = col_character(),
  attack_rate_check = col_logical(),
  seas_share_check = col_logical()
)
ℹ Use `spec()` for the full column specifications.


── Column specification ────────────────────────────────────────────────────────
cols(
  .default = col_double(),
  agegroup_name = col_character(),
  attack_rate_check = col_logical(),
  seas_share_check = col_logical()
)
ℹ Use `spec()` for the full column specifications.


── Column specification ────────────────────────────────────────────────────────
cols(
  .default = col_double(),
  agegroup_name = col_character(),
  attack_rate_check = col_logical(),
  seas_share_check = col_logical()
)
ℹ Use `spec()` for the full column specifications.


── Column specification ────────────────────────────────────────────────────────
cols(
  .default = col_double(),
  agegroup_name = col_character(),
  attack_rate_check = col_logical(),
  seas_share_check = col_logical()
)
ℹ Use `spec()` for the full column specifications.


── Column specification ────────────────────────────────────────────────────────
cols(
  .default = col_double(),
  agegroup_name = col_character(),
  attack_rate_check = col_logical(),
  seas_share_check = col_logical()
)
ℹ Use `spec()` for the full column specifications.


── Column specification ────────────────────────────────────────────────────────
cols(
  .default = col_double(),
  agegroup_name = col_character(),
  attack_rate_check = col_logical(),
  seas_share_check = col_logical()
)
ℹ Use `spec()` for the full column specifications.


── Column specification ────────────────────────────────────────────────────────
cols(
  .default = col_double(),
  agegroup_name = col_character(),
  attack_rate_check = col_logical(),
  seas_share_check = col_logical()
)
ℹ Use `spec()` for the full column specifications.


── Column specification ────────────────────────────────────────────────────────
cols(
  .default = col_double(),
  agegroup_name = col_character(),
  attack_rate_check = col_logical(),
  seas_share_check = col_logical()
)
ℹ Use `spec()` for the full column specifications.


── Column specification ────────────────────────────────────────────────────────
cols(
  .default = col_double(),
  agegroup_name = col_character(),
  attack_rate_check = col_logical(),
  seas_share_check = col_logical()
)
ℹ Use `spec()` for the full column specifications.


── Column specification ────────────────────────────────────────────────────────
cols(
  .default = col_double(),
  agegroup_name = col_character(),
  attack_rate_check = col_logical(),
  seas_share_check = col_logical()
)
ℹ Use `spec()` for the full column specifications.


── Column specification ────────────────────────────────────────────────────────
cols(
  .default = col_double(),
  agegroup_name = col_character(),
  attack_rate_check = col_logical(),
  seas_share_check = col_logical()
)
ℹ Use `spec()` for the full column specifications.


── Column specification ────────────────────────────────────────────────────────
cols(
  .default = col_double(),
  agegroup_name = col_character(),
  attack_rate_check = col_logical(),
  seas_share_check = col_logical()
)
ℹ Use `spec()` for the full column specifications.


── Column specification ────────────────────────────────────────────────────────
cols(
  .default = col_double(),
  agegroup_name = col_character(),
  attack_rate_check = col_logical(),
  seas_share_check = col_logical()
)
ℹ Use `spec()` for the full column specifications.


── Column specification ────────────────────────────────────────────────────────
cols(
  .default = col_double(),
  agegroup_name = col_character(),
  attack_rate_check = col_logical(),
  seas_share_check = col_logical()
)
ℹ Use `spec()` for the full column specifications.


── Column specification ────────────────────────────────────────────────────────
cols(
  .default = col_double(),
  agegroup_name = col_character(),
  attack_rate_check = col_logical(),
  seas_share_check = col_logical()
)
ℹ Use `spec()` for the full column specifications.

